<?xml version="1.0" encoding="UTF-8"?>
<!-- Generated by org.testng.reporters.JUnitReportReporter -->
<testsuite skipped="0" hostname="DESKTOP-ADM31IU" name="com.api.autotest.testcase.DataProviderTestV2" tests="6" failures="0" timestamp="2021-04-18T17:48:46 CST" time="2.172" errors="0">
  <testcase name="test" time="0.113" classname="com.api.autotest.testcase.DataProviderTestV2"/>
  <testcase name="test" time="1.869" classname="com.api.autotest.testcase.DataProviderTestV2"/>
  <testcase name="test" time="0.056" classname="com.api.autotest.testcase.DataProviderTestV2"/>
  <testcase name="test" time="0.037" classname="com.api.autotest.testcase.DataProviderTestV2"/>
  <testcase name="test" time="0.059" classname="com.api.autotest.testcase.DataProviderTestV2"/>
  <testcase name="test" time="0.038" classname="com.api.autotest.testcase.DataProviderTestV2"/>
</testsuite> <!-- com.api.autotest.testcase.DataProviderTestV2 -->
