<?xml version="1.0" encoding="UTF-8"?>
<!-- Generated by org.testng.reporters.JUnitReportReporter -->
<testsuite skipped="0" hostname="DESKTOP-ADM31IU" name="com.api.autotest.testcase.DataProviderTestV3" tests="7" failures="0" timestamp="2021-04-18T17:38:40 CST" time="0.422" errors="0">
  <testcase name="test" time="0.056" classname="com.api.autotest.testcase.DataProviderTestV3"/>
  <testcase name="test" time="0.096" classname="com.api.autotest.testcase.DataProviderTestV3"/>
  <testcase name="test" time="0.052" classname="com.api.autotest.testcase.DataProviderTestV3"/>
  <testcase name="test" time="0.089" classname="com.api.autotest.testcase.DataProviderTestV3"/>
  <testcase name="test" time="0.027" classname="com.api.autotest.testcase.DataProviderTestV3"/>
  <testcase name="test" time="0.046" classname="com.api.autotest.testcase.DataProviderTestV3"/>
  <testcase name="test" time="0.056" classname="com.api.autotest.testcase.DataProviderTestV3"/>
</testsuite> <!-- com.api.autotest.testcase.DataProviderTestV3 -->
