<?xml version="1.0" encoding="UTF-8"?>
<!-- Generated by org.testng.reporters.JUnitReportReporter -->
<testsuite skipped="0" hostname="DESKTOP-ADM31IU" name="com.api.autotest.testcase.DataProviderTestV2" tests="6" failures="0" timestamp="2021-04-18T17:38:40 CST" time="2.260" errors="0">
  <testcase name="test" time="0.097" classname="com.api.autotest.testcase.DataProviderTestV2"/>
  <testcase name="test" time="0.036" classname="com.api.autotest.testcase.DataProviderTestV2"/>
  <testcase name="test" time="0.138" classname="com.api.autotest.testcase.DataProviderTestV2"/>
  <testcase name="test" time="0.062" classname="com.api.autotest.testcase.DataProviderTestV2"/>
  <testcase name="test" time="0.031" classname="com.api.autotest.testcase.DataProviderTestV2"/>
  <testcase name="test" time="1.896" classname="com.api.autotest.testcase.DataProviderTestV2"/>
</testsuite> <!-- com.api.autotest.testcase.DataProviderTestV2 -->
