<?xml version="1.0" encoding="UTF-8"?>
<!-- Generated by org.testng.reporters.JUnitReportReporter -->
<testsuite skipped="0" hostname="DESKTOP-ADM31IU" name="com.api.autotest.testcase.DataProviderTestV3" tests="7" failures="0" timestamp="2021-04-18T17:48:46 CST" time="0.413" errors="0">
  <testcase name="test" time="0.097" classname="com.api.autotest.testcase.DataProviderTestV3"/>
  <testcase name="test" time="0.045" classname="com.api.autotest.testcase.DataProviderTestV3"/>
  <testcase name="test" time="0.065" classname="com.api.autotest.testcase.DataProviderTestV3"/>
  <testcase name="test" time="0.032" classname="com.api.autotest.testcase.DataProviderTestV3"/>
  <testcase name="test" time="0.036" classname="com.api.autotest.testcase.DataProviderTestV3"/>
  <testcase name="test" time="0.071" classname="com.api.autotest.testcase.DataProviderTestV3"/>
  <testcase name="test" time="0.067" classname="com.api.autotest.testcase.DataProviderTestV3"/>
</testsuite> <!-- com.api.autotest.testcase.DataProviderTestV3 -->
