<?xml version="1.0" encoding="UTF-8"?>
<!-- Generated by org.testng.reporters.JUnitReportReporter -->
<testsuite skipped="0" hostname="DESKTOP-ADM31IU" name="com.api.autotest.testcase.DataProviderTestV3" tests="7" failures="0" timestamp="2021-05-30T09:56:05 CST" time="1.080" errors="0">
  <testcase name="test" time="0.160" classname="com.api.autotest.testcase.DataProviderTestV3"/>
  <testcase name="test" time="0.130" classname="com.api.autotest.testcase.DataProviderTestV3"/>
  <testcase name="test" time="0.170" classname="com.api.autotest.testcase.DataProviderTestV3"/>
  <testcase name="test" time="0.140" classname="com.api.autotest.testcase.DataProviderTestV3"/>
  <testcase name="test" time="0.160" classname="com.api.autotest.testcase.DataProviderTestV3"/>
  <testcase name="test" time="0.150" classname="com.api.autotest.testcase.DataProviderTestV3"/>
  <testcase name="test" time="0.170" classname="com.api.autotest.testcase.DataProviderTestV3"/>
</testsuite> <!-- com.api.autotest.testcase.DataProviderTestV3 -->
