<?xml version="1.0" encoding="UTF-8"?>
<!-- Generated by org.testng.reporters.JUnitReportReporter -->
<testsuite skipped="0" hostname="DESKTOP-ADM31IU" name="com.api.autotest.testcase.DataProviderTestV2" tests="6" failures="0" timestamp="2021-05-30T09:56:05 CST" time="2.580" errors="0">
  <testcase name="test" time="0.170" classname="com.api.autotest.testcase.DataProviderTestV2"/>
  <testcase name="test" time="0.130" classname="com.api.autotest.testcase.DataProviderTestV2"/>
  <testcase name="test" time="0.150" classname="com.api.autotest.testcase.DataProviderTestV2"/>
  <testcase name="test" time="0.150" classname="com.api.autotest.testcase.DataProviderTestV2"/>
  <testcase name="test" time="0.230" classname="com.api.autotest.testcase.DataProviderTestV2"/>
  <testcase name="test" time="1.750" classname="com.api.autotest.testcase.DataProviderTestV2"/>
</testsuite> <!-- com.api.autotest.testcase.DataProviderTestV2 -->
